2024-08-22 20:28:25,971 ERROR: Ошибка 404: Нет устройства trm202 в lab12
2024-08-22 20:28:38,879 ERROR: Ошибка 502: Нет соединения с устройством
2024-08-22 20:29:16,339 ERROR: Ошибка 502: Нет соединения с устройством
2024-08-22 20:29:17,991 INFO: Лаб12, прибор trm200, функция get_temp_1, прочитано значение 19
2024-08-22 20:56:30,058 INFO: Лаб12, прибор trm202_1, функция set_heat, значение 0 записано
2024-08-22 20:56:32,860 INFO: Лаб12, прибор trm202_1, функция get_heat, прочитано значение 19
2024-08-22 20:56:49,481 INFO: Лаб12, прибор trm202_1, функция get_heat, прочитано значение 19
2024-08-22 20:56:50,226 INFO: Лаб12, прибор trm202_1, функция get_heat, прочитано значение 19
2024-08-22 20:57:41,091 ERROR: Ошибка 404: Нет функции get_hпа
2024-08-22 20:57:46,706 ERROR: Ошибка 502: Нет соединения с устройством
2024-08-22 20:57:47,774 ERROR: Ошибка 502: Нет соединения с устройством
2024-08-22 20:57:48,582 ERROR: Ошибка 502: Нет соединения с устройством
2024-08-22 20:57:49,249 ERROR: Ошибка 502: Нет соединения с устройством
2024-08-22 20:57:49,960 ERROR: Ошибка 502: Нет соединения с устройством
2024-08-22 20:57:50,649 ERROR: Ошибка 502: Нет соединения с устройством
2024-08-22 20:57:51,308 INFO: Лаб12, прибор trm202_1, функция set_heat, значение 0 записано
2024-08-22 20:57:52,099 INFO: Лаб12, прибор trm202_1, функция set_heat, значение 0 записано
2024-08-22 20:57:53,052 INFO: Лаб12, прибор trm202_1, функция set_heat, значение 0 записано
2024-08-22 20:57:57,571 INFO: Лаб12, прибор trm202_1, функция set_heat, значение 0 записано
2024-08-22 20:57:58,289 INFO: Лаб12, прибор trm202_1, функция set_heat, значение 0 записано
2024-08-25 16:05:01,600 ERROR: Ошибка 502: Нет соединения с устройством
2024-08-25 16:05:04,714 ERROR: Ошибка 502: Нет соединения с устройством
2024-08-25 16:05:07,474 ERROR: Ошибка 502: Нет соединения с устройством
2024-08-25 16:05:22,476 ERROR: Ошибка 500: Ошибка: Modbus Error: [Input/Output] Modbus Error: [Invalid Message] No response received, expected at least 2 bytes (0 received)
2024-08-25 16:05:26,548 INFO: Лаб12, прибор trm202_1, функция get_heat, прочитано значение 19
2024-08-25 16:05:51,949 INFO: Лаб12, прибор trm202_1, функция get_heat, прочитано значение 19
2024-08-25 16:05:55,523 INFO: Лаб12, прибор trm202_1, функция get_heat, прочитано значение 19
2024-08-25 16:07:33,552 ERROR: Ошибка 502: Нет соединения с устройством
2024-08-25 16:07:35,532 ERROR: Ошибка 502: Нет соединения с устройством
2024-08-25 16:07:43,585 INFO: Лаб12, прибор trm202_1, функция get_heat, прочитано значение 19
2024-08-25 16:10:25,997 ERROR: Ошибка 502: Нет соединения с устройством
2024-08-25 16:14:15,793 ERROR: Ошибка 404: Нет функции get_temp_1
2024-08-25 16:14:21,975 ERROR: Ошибка 404: Нет функции get_temp_2
2024-08-25 16:14:50,551 ERROR: Ошибка 502: Нет соединения с устройством
2024-08-25 16:15:18,512 ERROR: Ошибка 502: Нет соединения с устройством
2024-08-25 16:15:22,713 ERROR: Ошибка 502: Нет соединения с устройством
2024-08-25 16:16:11,169 ERROR: Ошибка 502: Нет соединения с устройством
